2019-07-18 16:13:48,205 INFO  [org.jboss.modules] (main) JBoss Modules version 1.9.0.Final
2019-07-18 16:13:49,054 INFO  [org.jboss.msc] (main) JBoss MSC version 1.4.5.Final
2019-07-18 16:13:49,064 INFO  [org.jboss.threads] (main) JBoss Threads version 2.3.3.Final
2019-07-18 16:13:49,286 INFO  [org.jboss.as] (MSC service thread 1-1) WFLYSRV0049: Keycloak 6.0.1 (WildFly Core 8.0.0.Final) starting
2019-07-18 16:13:49,289 DEBUG [org.jboss.as.config] (MSC service thread 1-1) Configured system properties:
	awt.toolkit = sun.awt.windows.WToolkit
	file.encoding = Cp1252
	file.separator = \
	java.awt.graphicsenv = sun.awt.Win32GraphicsEnvironment
	java.class.path = C:\Users\burkh\Desktop\keycloak-6.0.1\jboss-modules.jar
	java.class.version = 56.0
	java.home = C:\Program Files\Java\jdk-12.0.1
	java.io.tmpdir = C:\Users\burkh\AppData\Local\Temp\
	java.library.path = C:\Program Files\Java\jdk-12.0.1\bin;C:\WINDOWS\Sun\Java\bin;C:\WINDOWS\system32;C:\WINDOWS;C:\Program Files (x86)\Intel\iCLS Client\;C:\Program Files\Intel\iCLS Client\;C:\WINDOWS\system32;C:\WINDOWS;C:\WINDOWS\System32\Wbem;C:\WINDOWS\System32\WindowsPowerShell\v1.0\;C:\Program Files (x86)\Intel\Intel(R) Management Engine Components\DAL;C:\Program Files\Intel\Intel(R) Management Engine Components\DAL;C:\Program Files (x86)\Intel\Intel(R) Management Engine Components\IPT;C:\Program Files\Intel\Intel(R) Management Engine Components\IPT;C:\Program Files\Intel\WiFi\bin\;C:\Program Files\Common Files\Intel\WirelessCommon\;C:\Program Files\Acer ProShield\;C:\Program Files\Acer ProShield\x86;C:\WINDOWS\System32\OpenSSH\;C:\Program Files\nodejs\;C:\Program Files\Git\cmd;C:\Program Files\PuTTY\;C:\Users\burkh\AppData\Local\Microsoft\WindowsApps;C:\Users\burkh\AppData\Roaming\npm;;.
	java.net.preferIPv4Stack = true
	java.runtime.name = Java(TM) SE Runtime Environment
	java.runtime.version = 12.0.1+12
	java.specification.name = Java Platform API Specification
	java.specification.vendor = Oracle Corporation
	java.specification.version = 12
	java.util.logging.manager = org.jboss.logmanager.LogManager
	java.vendor = Oracle Corporation
	java.vendor.url = https://java.oracle.com/
	java.vendor.url.bug = https://bugreport.java.com/bugreport/
	java.version = 12.0.1
	java.version.date = 2019-04-16
	java.vm.compressedOopsMode = 32-bit
	java.vm.info = mixed mode, sharing
	java.vm.name = Java HotSpot(TM) 64-Bit Server VM
	java.vm.specification.name = Java Virtual Machine Specification
	java.vm.specification.vendor = Oracle Corporation
	java.vm.specification.version = 12
	java.vm.vendor = Oracle Corporation
	java.vm.version = 12.0.1+12
	javax.management.builder.initial = org.jboss.as.jmx.PluggableMBeanServerBuilder
	jboss.home.dir = C:\Users\burkh\Desktop\keycloak-6.0.1
	jboss.host.name = laptop-13gjs3d9
	jboss.modules.dir = C:\Users\burkh\Desktop\keycloak-6.0.1\modules
	jboss.modules.system.pkgs = org.jboss.byteman
	jboss.node.name = laptop-13gjs3d9
	jboss.qualified.host.name = laptop-13gjs3d9
	jboss.server.base.dir = C:\Users\burkh\Desktop\keycloak-6.0.1\standalone
	jboss.server.config.dir = C:\Users\burkh\Desktop\keycloak-6.0.1\standalone\configuration
	jboss.server.data.dir = C:\Users\burkh\Desktop\keycloak-6.0.1\standalone\data
	jboss.server.deploy.dir = C:\Users\burkh\Desktop\keycloak-6.0.1\standalone\data\content
	jboss.server.log.dir = C:\Users\burkh\Desktop\keycloak-6.0.1\standalone\log
	jboss.server.name = laptop-13gjs3d9
	jboss.server.persist.config = true
	jboss.server.temp.dir = C:\Users\burkh\Desktop\keycloak-6.0.1\standalone\tmp
	jdk.debug = release
	line.separator = 

	logging.configuration = file:C:\Users\burkh\Desktop\keycloak-6.0.1\standalone\configuration/logging.properties
	module.path = C:\Users\burkh\Desktop\keycloak-6.0.1\modules
	org.jboss.boot.log.file = C:\Users\burkh\Desktop\keycloak-6.0.1\standalone\log\server.log
	org.jboss.resolver.warning = true
	os.arch = amd64
	os.name = Windows 10
	os.version = 10.0
	path.separator = ;
	program.name = standalone.bat
	sun.arch.data.model = 64
	sun.boot.library.path = C:\Program Files\Java\jdk-12.0.1\bin
	sun.cpu.endian = little
	sun.cpu.isalist = amd64
	sun.desktop = windows
	sun.io.unicode.encoding = UnicodeLittle
	sun.java.command = C:\Users\burkh\Desktop\keycloak-6.0.1\jboss-modules.jar -mp C:\Users\burkh\Desktop\keycloak-6.0.1\modules org.jboss.as.standalone -Djboss.home.dir=C:\Users\burkh\Desktop\keycloak-6.0.1
	sun.java.launcher = SUN_STANDARD
	sun.jnu.encoding = Cp1252
	sun.management.compiler = HotSpot 64-Bit Tiered Compilers
	sun.os.patch.level = 
	sun.stderr.encoding = cp850
	sun.stdout.encoding = cp850
	user.country = DE
	user.dir = C:\Users\burkh\Desktop\keycloak-6.0.1\bin
	user.home = C:\Users\burkh
	user.language = de
	user.name = burkh
	user.script = 
	user.timezone = Europe/Berlin
	user.variant = 
2019-07-18 16:13:49,292 DEBUG [org.jboss.as.config] (MSC service thread 1-1) VM Arguments: -Dprogram.name=standalone.bat -Xms64M -Xmx512M -XX:MetaspaceSize=96M -XX:MaxMetaspaceSize=256m -Djava.net.preferIPv4Stack=true -Djboss.modules.system.pkgs=org.jboss.byteman --add-exports=java.base/sun.nio.ch=ALL-UNNAMED --add-exports=jdk.unsupported/sun.misc=ALL-UNNAMED --add-exports=jdk.unsupported/sun.reflect=ALL-UNNAMED --add-modules=java.se -Dorg.jboss.boot.log.file=C:\Users\burkh\Desktop\keycloak-6.0.1\standalone\log\server.log -Dlogging.configuration=file:C:\Users\burkh\Desktop\keycloak-6.0.1\standalone\configuration/logging.properties 
2019-07-18 16:13:50,714 INFO  [org.wildfly.security] (ServerService Thread Pool -- 19) ELY00001: WildFly Elytron version 1.8.0.Final
2019-07-18 16:13:51,496 INFO  [org.jboss.as.controller.management-deprecated] (Controller Boot Thread) WFLYCTL0028: Attribute 'security-realm' in the resource at address '/core-service=management/management-interface=http-interface' is deprecated, and may be removed in a future version. See the attribute description in the output of the read-resource-description operation to learn more about the deprecation.
2019-07-18 16:13:51,535 INFO  [org.jboss.as.controller.management-deprecated] (ServerService Thread Pool -- 25) WFLYCTL0028: Attribute 'security-realm' in the resource at address '/subsystem=undertow/server=default-server/https-listener=https' is deprecated, and may be removed in a future version. See the attribute description in the output of the read-resource-description operation to learn more about the deprecation.
2019-07-18 16:13:51,702 INFO  [org.jboss.as.server] (Controller Boot Thread) WFLYSRV0039: Creating http management service using socket-binding (management-http)
2019-07-18 16:13:51,734 INFO  [org.xnio] (MSC service thread 1-4) XNIO version 3.6.5.Final
2019-07-18 16:13:51,790 INFO  [org.xnio.nio] (MSC service thread 1-4) XNIO NIO Implementation Version 3.6.5.Final
2019-07-18 16:13:51,824 INFO  [org.jboss.as.clustering.infinispan] (ServerService Thread Pool -- 36) WFLYCLINF0001: Activating Infinispan subsystem.
2019-07-18 16:13:51,839 INFO  [org.jboss.as.naming] (ServerService Thread Pool -- 42) WFLYNAM0001: Activating Naming Subsystem
2019-07-18 16:13:51,879 INFO  [org.wildfly.extension.microprofile.config.smallrye._private] (ServerService Thread Pool -- 49) WFLYCONF0001: Activating WildFly MicroProfile Config Subsystem
2019-07-18 16:13:51,887 INFO  [org.jboss.as.security] (ServerService Thread Pool -- 47) WFLYSEC0002: Activating Security Subsystem
2019-07-18 16:13:51,858 INFO  [org.jboss.as.mail.extension] (MSC service thread 1-8) WFLYMAIL0002: Unbound mail session [java:jboss/mail/Default]
2019-07-18 16:13:51,876 INFO  [org.jboss.as.naming] (MSC service thread 1-6) WFLYNAM0003: Starting Naming Service
2019-07-18 16:13:51,874 WARN  [org.jboss.as.txn] (ServerService Thread Pool -- 48) WFLYTX0013: The node-identifier attribute on the /subsystem=transactions is set to the default value. This is a danger for environments running multiple servers. Please make sure the attribute value is unique.
2019-07-18 16:13:51,905 INFO  [org.jboss.as.mail.extension] (MSC service thread 1-3) WFLYMAIL0001: Bound mail session [java:jboss/mail/Default]
2019-07-18 16:13:51,941 INFO  [org.jboss.as.connector.subsystems.datasources] (ServerService Thread Pool -- 31) WFLYJCA0004: Deploying JDBC-compliant driver class org.h2.Driver (version 1.4)
2019-07-18 16:13:51,947 INFO  [org.jboss.as.connector] (MSC service thread 1-2) WFLYJCA0009: Starting JCA Subsystem (WildFly/IronJacamar 1.4.12.Final)
2019-07-18 16:13:51,952 INFO  [org.wildfly.extension.microprofile.metrics.smallrye] (ServerService Thread Pool -- 51) WFLYMETRICS0001: Activating Eclipse MicroProfile Metrics Subsystem
2019-07-18 16:13:51,958 INFO  [org.jboss.as.security] (MSC service thread 1-6) WFLYSEC0001: Current PicketBox version=5.0.3.Final
2019-07-18 16:13:51,953 INFO  [org.wildfly.extension.microprofile.health.smallrye] (ServerService Thread Pool -- 50) WFLYHEALTH0001: Activating Eclipse MicroProfile Health Subsystem
2019-07-18 16:13:51,983 INFO  [org.jboss.as.jaxrs] (ServerService Thread Pool -- 37) WFLYRS0016: RESTEasy version 3.6.3.Final
2019-07-18 16:13:51,976 INFO  [org.jboss.as.connector.deployers.jdbc] (MSC service thread 1-3) WFLYJCA0018: Started Driver service with driver-name = h2
2019-07-18 16:13:52,034 INFO  [org.wildfly.extension.undertow] (MSC service thread 1-1) WFLYUT0003: Undertow 2.0.19.Final starting
2019-07-18 16:13:52,310 INFO  [org.jboss.as.connector.subsystems.datasources] (MSC service thread 1-6) WFLYJCA0010: Unbound data source [java:jboss/datasources/ExampleDS]
2019-07-18 16:13:52,395 INFO  [io.smallrye.metrics] (MSC service thread 1-2) Converted [2] config entries and added [4] replacements
2019-07-18 16:13:52,315 INFO  [org.jboss.as.connector.subsystems.datasources] (MSC service thread 1-3) WFLYJCA0010: Unbound data source [java:jboss/datasources/KeycloakDS]
2019-07-18 16:13:52,002 INFO  [org.wildfly.extension.io] (ServerService Thread Pool -- 35) WFLYIO001: Worker 'default' has auto-configured to 8 core threads with 64 task threads based on your 4 available processors
2019-07-18 16:13:52,545 INFO  [io.smallrye.metrics] (MSC service thread 1-2) Converted [3] config entries and added [18] replacements
2019-07-18 16:13:52,675 INFO  [org.jboss.remoting] (MSC service thread 1-4) JBoss Remoting version 5.0.8.Final
2019-07-18 16:13:52,790 INFO  [org.jboss.as.ejb3] (MSC service thread 1-3) WFLYEJB0481: Strict pool slsb-strict-max-pool is using a max instance size of 64 (per class), which is derived from thread worker pool sizing.
2019-07-18 16:13:52,803 INFO  [org.jboss.as.ejb3] (MSC service thread 1-6) WFLYEJB0482: Strict pool mdb-strict-max-pool is using a max instance size of 16 (per class), which is derived from the number of CPUs on this host.
2019-07-18 16:13:52,865 INFO  [org.wildfly.extension.undertow] (ServerService Thread Pool -- 52) WFLYUT0014: Creating file handler for path 'C:\Users\burkh\Desktop\keycloak-6.0.1/welcome-content' with options [directory-listing: 'false', follow-symlink: 'false', case-sensitive: 'true', safe-symlink-paths: '[]']
2019-07-18 16:13:53,095 INFO  [org.wildfly.extension.undertow] (MSC service thread 1-2) WFLYUT0012: Started server default-server.
2019-07-18 16:13:53,175 INFO  [org.wildfly.extension.undertow] (MSC service thread 1-3) WFLYUT0018: Host default-host starting
2019-07-18 16:13:53,349 INFO  [org.jboss.as.patching] (MSC service thread 1-6) WFLYPAT0050: Keycloak cumulative patch ID is: base, one-off patches include: none
2019-07-18 16:13:53,376 WARN  [org.jboss.as.domain.management.security] (MSC service thread 1-6) WFLYDM0111: Keystore C:\Users\burkh\Desktop\keycloak-6.0.1\standalone\configuration\application.keystore not found, it will be auto generated on first use with a self signed certificate for host localhost
2019-07-18 16:13:53,403 INFO  [org.jboss.as.server.deployment.scanner] (MSC service thread 1-6) WFLYDS0013: Started FileSystemDeploymentService for directory C:\Users\burkh\Desktop\keycloak-6.0.1\standalone\deployments
2019-07-18 16:13:53,425 INFO  [org.jboss.as.server.deployment] (MSC service thread 1-4) WFLYSRV0027: Starting deployment of "keycloak-server.war" (runtime-name: "keycloak-server.war")
2019-07-18 16:13:53,609 INFO  [org.wildfly.extension.undertow] (MSC service thread 1-1) WFLYUT0006: Undertow HTTP listener default listening on 127.0.0.1:8080
2019-07-18 16:13:53,694 INFO  [org.wildfly.extension.undertow] (MSC service thread 1-2) WFLYUT0006: Undertow HTTPS listener https listening on 127.0.0.1:8443
2019-07-18 16:13:53,829 INFO  [org.jboss.as.ejb3] (MSC service thread 1-7) WFLYEJB0493: EJB subsystem suspension complete
2019-07-18 16:13:53,952 INFO  [org.jboss.as.connector.subsystems.datasources] (MSC service thread 1-6) WFLYJCA0001: Bound data source [java:jboss/datasources/KeycloakDS]
2019-07-18 16:13:53,955 INFO  [org.jboss.as.connector.subsystems.datasources] (MSC service thread 1-7) WFLYJCA0001: Bound data source [java:jboss/datasources/ExampleDS]
2019-07-18 16:13:54,114 WARN  [org.jboss.as.dependency.private] (MSC service thread 1-4) WFLYSRV0018: Deployment "deployment.keycloak-server.war" is using a private module ("org.kie") which may be changed or removed in future versions without notice.
2019-07-18 16:13:54,560 INFO  [org.infinispan.factories.GlobalComponentRegistry] (MSC service thread 1-7) ISPN000128: Infinispan version: Infinispan 'Infinity Minus ONE +2' 9.4.8.Final
2019-07-18 16:13:55,025 INFO  [org.jboss.as.clustering.infinispan] (ServerService Thread Pool -- 61) WFLYCLINF0002: Started clientSessions cache from keycloak container
2019-07-18 16:13:55,058 INFO  [org.jboss.as.clustering.infinispan] (ServerService Thread Pool -- 55) WFLYCLINF0002: Started authenticationSessions cache from keycloak container
2019-07-18 16:13:55,064 INFO  [org.jboss.as.clustering.infinispan] (ServerService Thread Pool -- 64) WFLYCLINF0002: Started actionTokens cache from keycloak container
2019-07-18 16:13:55,066 INFO  [org.jboss.as.clustering.infinispan] (ServerService Thread Pool -- 59) WFLYCLINF0002: Started work cache from keycloak container
2019-07-18 16:13:55,066 INFO  [org.jboss.as.clustering.infinispan] (ServerService Thread Pool -- 60) WFLYCLINF0002: Started loginFailures cache from keycloak container
2019-07-18 16:13:55,068 INFO  [org.jboss.as.clustering.infinispan] (ServerService Thread Pool -- 58) WFLYCLINF0002: Started sessions cache from keycloak container
2019-07-18 16:13:55,071 INFO  [org.jboss.as.clustering.infinispan] (ServerService Thread Pool -- 63) WFLYCLINF0002: Started offlineSessions cache from keycloak container
2019-07-18 16:13:55,071 INFO  [org.jboss.as.clustering.infinispan] (ServerService Thread Pool -- 56) WFLYCLINF0002: Started offlineClientSessions cache from keycloak container
2019-07-18 16:13:55,092 INFO  [org.jboss.as.clustering.infinispan] (ServerService Thread Pool -- 54) WFLYCLINF0002: Started authorization cache from keycloak container
2019-07-18 16:13:55,093 INFO  [org.jboss.as.clustering.infinispan] (ServerService Thread Pool -- 65) WFLYCLINF0002: Started users cache from keycloak container
2019-07-18 16:13:55,094 INFO  [org.jboss.as.clustering.infinispan] (ServerService Thread Pool -- 57) WFLYCLINF0002: Started realms cache from keycloak container
2019-07-18 16:13:55,095 INFO  [org.jboss.as.clustering.infinispan] (ServerService Thread Pool -- 62) WFLYCLINF0002: Started keys cache from keycloak container
2019-07-18 16:13:55,209 INFO  [org.jboss.as.clustering.infinispan] (ServerService Thread Pool -- 66) WFLYCLINF0002: Started client-mappings cache from ejb container
2019-07-18 16:13:55,303 WARN  [org.jboss.as.server.deployment] (MSC service thread 1-3) WFLYSRV0273: Excluded subsystem weld via jboss-deployment-structure.xml does not exist.
2019-07-18 16:13:55,307 WARN  [org.jboss.as.server.deployment] (MSC service thread 1-3) WFLYSRV0273: Excluded subsystem webservices via jboss-deployment-structure.xml does not exist.
2019-07-18 16:13:56,203 INFO  [org.keycloak.services] (ServerService Thread Pool -- 66) KC-SERVICES0001: Loading config from standalone.xml or domain.xml
2019-07-18 16:13:56,803 INFO  [org.jboss.as.clustering.infinispan] (ServerService Thread Pool -- 66) WFLYCLINF0002: Started realmRevisions cache from keycloak container
2019-07-18 16:13:56,811 INFO  [org.jboss.as.clustering.infinispan] (ServerService Thread Pool -- 66) WFLYCLINF0002: Started userRevisions cache from keycloak container
2019-07-18 16:13:56,827 INFO  [org.jboss.as.clustering.infinispan] (ServerService Thread Pool -- 66) WFLYCLINF0002: Started authorizationRevisions cache from keycloak container
2019-07-18 16:13:56,830 INFO  [org.keycloak.connections.infinispan.DefaultInfinispanConnectionProviderFactory] (ServerService Thread Pool -- 66) Node name: laptop-13gjs3d9, Site name: null
2019-07-18 16:14:01,683 INFO  [org.keycloak.connections.jpa.updater.liquibase.LiquibaseJpaUpdaterProvider] (ServerService Thread Pool -- 66) Initializing database schema. Using changelog META-INF/jpa-changelog-master.xml
2019-07-18 16:14:04,121 INFO  [org.hibernate.jpa.internal.util.LogHelper] (ServerService Thread Pool -- 66) HHH000204: Processing PersistenceUnitInfo [
	name: keycloak-default
	...]
2019-07-18 16:14:04,309 INFO  [org.hibernate.Version] (ServerService Thread Pool -- 66) HHH000412: Hibernate Core {5.3.9.Final}
2019-07-18 16:14:04,315 INFO  [org.hibernate.cfg.Environment] (ServerService Thread Pool -- 66) HHH000206: hibernate.properties not found
2019-07-18 16:14:04,653 INFO  [org.hibernate.annotations.common.Version] (ServerService Thread Pool -- 66) HCANN000001: Hibernate Commons Annotations {5.0.5.Final}
2019-07-18 16:14:04,870 INFO  [org.hibernate.dialect.Dialect] (ServerService Thread Pool -- 66) HHH000400: Using dialect: org.hibernate.dialect.H2Dialect
2019-07-18 16:14:04,878 WARN  [org.hibernate.dialect.H2Dialect] (ServerService Thread Pool -- 66) HHH000431: Unable to determine H2 database version, certain features may not work
2019-07-18 16:14:04,934 INFO  [org.hibernate.envers.boot.internal.EnversServiceImpl] (ServerService Thread Pool -- 66) Envers integration enabled? : true
2019-07-18 16:14:05,585 INFO  [org.hibernate.orm.beans] (ServerService Thread Pool -- 66) HHH10005002: No explicit CDI BeanManager reference was passed to Hibernate, but CDI is available on the Hibernate ClassLoader.
2019-07-18 16:14:05,659 INFO  [org.hibernate.validator.internal.util.Version] (ServerService Thread Pool -- 66) HV000001: Hibernate Validator 6.0.15.Final
2019-07-18 16:14:07,122 INFO  [org.hibernate.hql.internal.QueryTranslatorFactoryInitiator] (ServerService Thread Pool -- 66) HHH000397: Using ASTQueryTranslatorFactory
2019-07-18 16:14:07,772 INFO  [org.keycloak.services] (ServerService Thread Pool -- 66) KC-SERVICES0050: Initializing master realm
2019-07-18 16:14:09,965 INFO  [org.jboss.resteasy.resteasy_jaxrs.i18n] (ServerService Thread Pool -- 66) RESTEASY002225: Deploying javax.ws.rs.core.Application: class org.keycloak.services.resources.KeycloakApplication
2019-07-18 16:14:09,970 INFO  [org.jboss.resteasy.resteasy_jaxrs.i18n] (ServerService Thread Pool -- 66) RESTEASY002200: Adding class resource org.keycloak.services.resources.JsResource from Application class org.keycloak.services.resources.KeycloakApplication
2019-07-18 16:14:09,971 INFO  [org.jboss.resteasy.resteasy_jaxrs.i18n] (ServerService Thread Pool -- 66) RESTEASY002200: Adding class resource org.keycloak.services.resources.ThemeResource from Application class org.keycloak.services.resources.KeycloakApplication
2019-07-18 16:14:09,972 INFO  [org.jboss.resteasy.resteasy_jaxrs.i18n] (ServerService Thread Pool -- 66) RESTEASY002205: Adding provider class org.keycloak.services.filters.KeycloakTransactionCommitter from Application class org.keycloak.services.resources.KeycloakApplication
2019-07-18 16:14:09,976 INFO  [org.jboss.resteasy.resteasy_jaxrs.i18n] (ServerService Thread Pool -- 66) RESTEASY002205: Adding provider class org.keycloak.services.error.KeycloakErrorHandler from Application class org.keycloak.services.resources.KeycloakApplication
2019-07-18 16:14:09,981 INFO  [org.jboss.resteasy.resteasy_jaxrs.i18n] (ServerService Thread Pool -- 66) RESTEASY002220: Adding singleton resource org.keycloak.services.resources.WelcomeResource from Application class org.keycloak.services.resources.KeycloakApplication
2019-07-18 16:14:09,982 INFO  [org.jboss.resteasy.resteasy_jaxrs.i18n] (ServerService Thread Pool -- 66) RESTEASY002220: Adding singleton resource org.keycloak.services.resources.RobotsResource from Application class org.keycloak.services.resources.KeycloakApplication
2019-07-18 16:14:09,985 INFO  [org.jboss.resteasy.resteasy_jaxrs.i18n] (ServerService Thread Pool -- 66) RESTEASY002220: Adding singleton resource org.keycloak.services.resources.RealmsResource from Application class org.keycloak.services.resources.KeycloakApplication
2019-07-18 16:14:09,987 INFO  [org.jboss.resteasy.resteasy_jaxrs.i18n] (ServerService Thread Pool -- 66) RESTEASY002210: Adding provider singleton org.keycloak.services.util.ObjectMapperResolver from Application class org.keycloak.services.resources.KeycloakApplication
2019-07-18 16:14:09,988 INFO  [org.jboss.resteasy.resteasy_jaxrs.i18n] (ServerService Thread Pool -- 66) RESTEASY002220: Adding singleton resource org.keycloak.services.resources.admin.AdminRoot from Application class org.keycloak.services.resources.KeycloakApplication
2019-07-18 16:14:10,111 INFO  [org.wildfly.extension.undertow] (ServerService Thread Pool -- 66) WFLYUT0021: Registered web context: '/auth' for server 'default-server'
2019-07-18 16:14:10,339 INFO  [org.jboss.as.server] (ServerService Thread Pool -- 53) WFLYSRV0010: Deployed "keycloak-server.war" (runtime-name : "keycloak-server.war")
2019-07-18 16:14:10,453 INFO  [org.jboss.as.server] (Controller Boot Thread) WFLYSRV0212: Resuming server
2019-07-18 16:14:10,459 INFO  [org.jboss.as] (Controller Boot Thread) WFLYSRV0060: Http management interface listening on http://127.0.0.1:9990/management
2019-07-18 16:14:10,461 INFO  [org.jboss.as] (Controller Boot Thread) WFLYSRV0051: Admin console listening on http://127.0.0.1:9990
2019-07-18 16:14:10,468 INFO  [org.jboss.as] (Controller Boot Thread) WFLYSRV0025: Keycloak 6.0.1 (WildFly Core 8.0.0.Final) started in 22700ms - Started 580 of 842 services (560 services are lazy, passive or on-demand)
2019-07-18 16:17:19,149 INFO  [org.keycloak.services] (default task-2) KC-SERVICES0077: Created initial admin user with username Admin
2019-07-18 17:01:52,504 WARN  [org.keycloak.events] (default task-4) type=REFRESH_TOKEN_ERROR, realmId=master, clientId=security-admin-console, userId=null, ipAddress=127.0.0.1, error=invalid_token, grant_type=refresh_token, client_auth_method=client-secret
2019-07-19 14:34:44,623 WARN  [org.jboss.as.domain.management.security] (MSC service thread 1-2) WFLYDM0111: Keystore /Users/d0e02443/Digitaler-Impfpass/keycloak-6.0.1/standalone/configuration/application.keystore not found, it will be auto generated on first use with a self signed certificate for host localhost
2019-07-19 14:34:44,626 INFO  [org.jboss.as.server.deployment.scanner] (MSC service thread 1-5) WFLYDS0013: Started FileSystemDeploymentService for directory /Users/d0e02443/Digitaler-Impfpass/keycloak-6.0.1/standalone/deployments
2019-07-19 14:34:44,638 INFO  [org.jboss.as.server.deployment] (MSC service thread 1-8) WFLYSRV0027: Starting deployment of "keycloak-server.war" (runtime-name: "keycloak-server.war")
2019-07-19 14:34:44,832 INFO  [org.wildfly.extension.undertow] (MSC service thread 1-1) WFLYUT0006: Undertow HTTPS listener https listening on 127.0.0.1:8443
2019-07-19 14:34:45,046 WARN  [org.jboss.as.dependency.private] (MSC service thread 1-6) WFLYSRV0018: Deployment "deployment.keycloak-server.war" is using a private module ("org.kie") which may be changed or removed in future versions without notice.
2019-07-19 14:34:45,416 INFO  [org.infinispan.factories.GlobalComponentRegistry] (MSC service thread 1-5) ISPN000128: Infinispan version: Infinispan 'Infinity Minus ONE +2' 9.4.8.Final
2019-07-19 14:34:45,758 INFO  [org.jboss.as.clustering.infinispan] (ServerService Thread Pool -- 56) WFLYCLINF0002: Started work cache from keycloak container
2019-07-19 14:34:45,758 INFO  [org.jboss.as.clustering.infinispan] (ServerService Thread Pool -- 55) WFLYCLINF0002: Started authorization cache from keycloak container
2019-07-19 14:34:45,758 INFO  [org.jboss.as.clustering.infinispan] (ServerService Thread Pool -- 65) WFLYCLINF0002: Started actionTokens cache from keycloak container
2019-07-19 14:34:45,758 INFO  [org.jboss.as.clustering.infinispan] (ServerService Thread Pool -- 57) WFLYCLINF0002: Started offlineClientSessions cache from keycloak container
2019-07-19 14:34:45,759 INFO  [org.jboss.as.clustering.infinispan] (ServerService Thread Pool -- 61) WFLYCLINF0002: Started realms cache from keycloak container
2019-07-19 14:34:45,758 INFO  [org.jboss.as.clustering.infinispan] (ServerService Thread Pool -- 63) WFLYCLINF0002: Started offlineSessions cache from keycloak container
2019-07-19 14:34:45,758 INFO  [org.jboss.as.clustering.infinispan] (ServerService Thread Pool -- 58) WFLYCLINF0002: Started users cache from keycloak container
2019-07-19 14:34:45,758 INFO  [org.jboss.as.clustering.infinispan] (ServerService Thread Pool -- 60) WFLYCLINF0002: Started authenticationSessions cache from keycloak container
2019-07-19 14:34:45,758 INFO  [org.jboss.as.clustering.infinispan] (ServerService Thread Pool -- 64) WFLYCLINF0002: Started sessions cache from keycloak container
2019-07-19 14:34:45,758 INFO  [org.jboss.as.clustering.infinispan] (ServerService Thread Pool -- 62) WFLYCLINF0002: Started keys cache from keycloak container
2019-07-19 14:34:45,757 INFO  [org.jboss.as.clustering.infinispan] (ServerService Thread Pool -- 54) WFLYCLINF0002: Started loginFailures cache from keycloak container
2019-07-19 14:34:45,757 INFO  [org.jboss.as.clustering.infinispan] (ServerService Thread Pool -- 59) WFLYCLINF0002: Started clientSessions cache from keycloak container
2019-07-19 14:34:45,888 INFO  [org.jboss.as.clustering.infinispan] (ServerService Thread Pool -- 66) WFLYCLINF0002: Started client-mappings cache from ejb container
2019-07-19 14:34:45,935 WARN  [org.jboss.as.server.deployment] (MSC service thread 1-5) WFLYSRV0273: Excluded subsystem weld via jboss-deployment-structure.xml does not exist.
2019-07-19 14:34:45,936 WARN  [org.jboss.as.server.deployment] (MSC service thread 1-5) WFLYSRV0273: Excluded subsystem webservices via jboss-deployment-structure.xml does not exist.
2019-07-19 14:34:46,736 INFO  [org.keycloak.services] (ServerService Thread Pool -- 66) KC-SERVICES0001: Loading config from standalone.xml or domain.xml
2019-07-19 14:34:47,257 INFO  [org.jboss.as.clustering.infinispan] (ServerService Thread Pool -- 66) WFLYCLINF0002: Started realmRevisions cache from keycloak container
2019-07-19 14:34:47,266 INFO  [org.jboss.as.clustering.infinispan] (ServerService Thread Pool -- 66) WFLYCLINF0002: Started userRevisions cache from keycloak container
2019-07-19 14:34:47,274 INFO  [org.jboss.as.clustering.infinispan] (ServerService Thread Pool -- 66) WFLYCLINF0002: Started authorizationRevisions cache from keycloak container
2019-07-19 14:34:47,276 INFO  [org.keycloak.connections.infinispan.DefaultInfinispanConnectionProviderFactory] (ServerService Thread Pool -- 66) Node name: kampi00000212, Site name: null
2019-07-19 14:34:56,207 INFO  [org.hibernate.jpa.internal.util.LogHelper] (ServerService Thread Pool -- 66) HHH000204: Processing PersistenceUnitInfo [
	name: keycloak-default
	...]
2019-07-19 14:34:56,328 INFO  [org.hibernate.Version] (ServerService Thread Pool -- 66) HHH000412: Hibernate Core {5.3.9.Final}
2019-07-19 14:34:56,329 INFO  [org.hibernate.cfg.Environment] (ServerService Thread Pool -- 66) HHH000206: hibernate.properties not found
2019-07-19 14:34:56,557 INFO  [org.hibernate.annotations.common.Version] (ServerService Thread Pool -- 66) HCANN000001: Hibernate Commons Annotations {5.0.5.Final}
2019-07-19 14:34:56,799 INFO  [org.hibernate.dialect.Dialect] (ServerService Thread Pool -- 66) HHH000400: Using dialect: org.hibernate.dialect.H2Dialect
2019-07-19 14:34:56,808 WARN  [org.hibernate.dialect.H2Dialect] (ServerService Thread Pool -- 66) HHH000431: Unable to determine H2 database version, certain features may not work
2019-07-19 14:34:56,871 INFO  [org.hibernate.envers.boot.internal.EnversServiceImpl] (ServerService Thread Pool -- 66) Envers integration enabled? : true
2019-07-19 14:34:57,524 INFO  [org.hibernate.orm.beans] (ServerService Thread Pool -- 66) HHH10005002: No explicit CDI BeanManager reference was passed to Hibernate, but CDI is available on the Hibernate ClassLoader.
2019-07-19 14:34:57,626 INFO  [org.hibernate.validator.internal.util.Version] (ServerService Thread Pool -- 66) HV000001: Hibernate Validator 6.0.15.Final
2019-07-19 14:34:59,040 INFO  [org.hibernate.hql.internal.QueryTranslatorFactoryInitiator] (ServerService Thread Pool -- 66) HHH000397: Using ASTQueryTranslatorFactory
2019-07-19 14:34:59,990 INFO  [org.jboss.resteasy.resteasy_jaxrs.i18n] (ServerService Thread Pool -- 66) RESTEASY002225: Deploying javax.ws.rs.core.Application: class org.keycloak.services.resources.KeycloakApplication
2019-07-19 14:34:59,992 INFO  [org.jboss.resteasy.resteasy_jaxrs.i18n] (ServerService Thread Pool -- 66) RESTEASY002200: Adding class resource org.keycloak.services.resources.JsResource from Application class org.keycloak.services.resources.KeycloakApplication
2019-07-19 14:34:59,993 INFO  [org.jboss.resteasy.resteasy_jaxrs.i18n] (ServerService Thread Pool -- 66) RESTEASY002205: Adding provider class org.keycloak.services.filters.KeycloakTransactionCommitter from Application class org.keycloak.services.resources.KeycloakApplication
2019-07-19 14:34:59,993 INFO  [org.jboss.resteasy.resteasy_jaxrs.i18n] (ServerService Thread Pool -- 66) RESTEASY002200: Adding class resource org.keycloak.services.resources.ThemeResource from Application class org.keycloak.services.resources.KeycloakApplication
2019-07-19 14:34:59,993 INFO  [org.jboss.resteasy.resteasy_jaxrs.i18n] (ServerService Thread Pool -- 66) RESTEASY002205: Adding provider class org.keycloak.services.error.KeycloakErrorHandler from Application class org.keycloak.services.resources.KeycloakApplication
2019-07-19 14:34:59,993 INFO  [org.jboss.resteasy.resteasy_jaxrs.i18n] (ServerService Thread Pool -- 66) RESTEASY002220: Adding singleton resource org.keycloak.services.resources.RealmsResource from Application class org.keycloak.services.resources.KeycloakApplication
2019-07-19 14:34:59,994 INFO  [org.jboss.resteasy.resteasy_jaxrs.i18n] (ServerService Thread Pool -- 66) RESTEASY002210: Adding provider singleton org.keycloak.services.util.ObjectMapperResolver from Application class org.keycloak.services.resources.KeycloakApplication
2019-07-19 14:34:59,994 INFO  [org.jboss.resteasy.resteasy_jaxrs.i18n] (ServerService Thread Pool -- 66) RESTEASY002220: Adding singleton resource org.keycloak.services.resources.RobotsResource from Application class org.keycloak.services.resources.KeycloakApplication
2019-07-19 14:34:59,994 INFO  [org.jboss.resteasy.resteasy_jaxrs.i18n] (ServerService Thread Pool -- 66) RESTEASY002220: Adding singleton resource org.keycloak.services.resources.admin.AdminRoot from Application class org.keycloak.services.resources.KeycloakApplication
2019-07-19 14:34:59,995 INFO  [org.jboss.resteasy.resteasy_jaxrs.i18n] (ServerService Thread Pool -- 66) RESTEASY002220: Adding singleton resource org.keycloak.services.resources.WelcomeResource from Application class org.keycloak.services.resources.KeycloakApplication
2019-07-19 14:35:00,136 INFO  [org.wildfly.extension.undertow] (ServerService Thread Pool -- 66) WFLYUT0021: Registered web context: '/auth' for server 'default-server'
2019-07-19 14:35:00,190 INFO  [org.jboss.as.server] (ServerService Thread Pool -- 53) WFLYSRV0010: Deployed "keycloak-server.war" (runtime-name : "keycloak-server.war")
2019-07-19 14:35:00,264 INFO  [org.jboss.as.server] (Controller Boot Thread) WFLYSRV0212: Resuming server
2019-07-19 14:35:00,266 INFO  [org.jboss.as] (Controller Boot Thread) WFLYSRV0060: Http management interface listening on http://127.0.0.1:9990/management
2019-07-19 14:35:00,267 INFO  [org.jboss.as] (Controller Boot Thread) WFLYSRV0051: Admin console listening on http://127.0.0.1:9990
2019-07-19 14:35:00,267 INFO  [org.jboss.as] (Controller Boot Thread) WFLYSRV0025: Keycloak 6.0.1 (WildFly Core 8.0.0.Final) started in 19867ms - Started 580 of 842 services (560 services are lazy, passive or on-demand)
